/home/potato/yang/install/gelsight_tactile/lib/python3.10/site-packages/gelsight_tactile/collect_calib_data.py
/home/potato/yang/install/gelsight_tactile/lib/python3.10/site-packages/gelsight_tactile/__init__.py
/home/potato/yang/install/gelsight_tactile/lib/python3.10/site-packages/gelsight_tactile/reconstructor_node.py
/home/potato/yang/install/gelsight_tactile/lib/python3.10/site-packages/gelsight_tactile/visualizer3d.py
/home/potato/yang/install/gelsight_tactile/lib/python3.10/site-packages/gelsight_tactile/reconstructor.py
/home/potato/yang/install/gelsight_tactile/lib/python3.10/site-packages/gelsight_tactile/camera_viewer.py
/home/potato/yang/install/gelsight_tactile/lib/python3.10/site-packages/gelsight_tactile/poisson_solver.py
/home/potato/yang/install/gelsight_tactile/lib/python3.10/site-packages/gelsight_tactile/__pycache__/collect_calib_data.cpython-310.pyc
/home/potato/yang/install/gelsight_tactile/lib/python3.10/site-packages/gelsight_tactile/__pycache__/__init__.cpython-310.pyc
/home/potato/yang/install/gelsight_tactile/lib/python3.10/site-packages/gelsight_tactile/__pycache__/reconstructor_node.cpython-310.pyc
/home/potato/yang/install/gelsight_tactile/lib/python3.10/site-packages/gelsight_tactile/__pycache__/visualizer3d.cpython-310.pyc
/home/potato/yang/install/gelsight_tactile/lib/python3.10/site-packages/gelsight_tactile/__pycache__/reconstructor.cpython-310.pyc
/home/potato/yang/install/gelsight_tactile/lib/python3.10/site-packages/gelsight_tactile/__pycache__/camera_viewer.cpython-310.pyc
/home/potato/yang/install/gelsight_tactile/lib/python3.10/site-packages/gelsight_tactile/__pycache__/poisson_solver.cpython-310.pyc
/home/potato/yang/install/gelsight_tactile/share/ament_index/resource_index/packages/gelsight_tactile
/home/potato/yang/install/gelsight_tactile/share/gelsight_tactile/package.xml
/home/potato/yang/install/gelsight_tactile/lib/python3.10/site-packages/gelsight_tactile-0.0.0-py3.10.egg-info/dependency_links.txt
/home/potato/yang/install/gelsight_tactile/lib/python3.10/site-packages/gelsight_tactile-0.0.0-py3.10.egg-info/zip-safe
/home/potato/yang/install/gelsight_tactile/lib/python3.10/site-packages/gelsight_tactile-0.0.0-py3.10.egg-info/SOURCES.txt
/home/potato/yang/install/gelsight_tactile/lib/python3.10/site-packages/gelsight_tactile-0.0.0-py3.10.egg-info/requires.txt
/home/potato/yang/install/gelsight_tactile/lib/python3.10/site-packages/gelsight_tactile-0.0.0-py3.10.egg-info/top_level.txt
/home/potato/yang/install/gelsight_tactile/lib/python3.10/site-packages/gelsight_tactile-0.0.0-py3.10.egg-info/PKG-INFO
/home/potato/yang/install/gelsight_tactile/lib/python3.10/site-packages/gelsight_tactile-0.0.0-py3.10.egg-info/entry_points.txt
/home/potato/yang/install/gelsight_tactile/lib/gelsight_tactile/camera_viewer
/home/potato/yang/install/gelsight_tactile/lib/gelsight_tactile/collect_calib_data
/home/potato/yang/install/gelsight_tactile/lib/gelsight_tactile/poisson_solver
/home/potato/yang/install/gelsight_tactile/lib/gelsight_tactile/reconstructor
/home/potato/yang/install/gelsight_tactile/lib/gelsight_tactile/reconstructor_node
/home/potato/yang/install/gelsight_tactile/lib/gelsight_tactile/visualizer3d
