[0.488s] Invoking command in '/home/potato/yang/src/gelsight_tactile': PYTHONPATH=/home/potato/yang/build/gelsight_tactile/prefix_override:/usr/lib/python3/dist-packages/colcon_core/task/python/colcon_distutils_commands:/home/potato/yang/install/gelsight_tactile/lib/python3.10/site-packages:${PYTHONPATH} /usr/bin/python3 -W ignore:setup.py install is deprecated -W ignore:easy_install command is deprecated setup.py egg_info --egg-base ../../build/gelsight_tactile build --build-base /home/potato/yang/build/gelsight_tactile/build install --record /home/potato/yang/build/gelsight_tactile/install.log --single-version-externally-managed install_data
[0.677s] running egg_info
[0.678s] writing ../../build/gelsight_tactile/gelsight_tactile.egg-info/PKG-INFO
[0.678s] writing dependency_links to ../../build/gelsight_tactile/gelsight_tactile.egg-info/dependency_links.txt
[0.678s] writing entry points to ../../build/gelsight_tactile/gelsight_tactile.egg-info/entry_points.txt
[0.678s] writing requirements to ../../build/gelsight_tactile/gelsight_tactile.egg-info/requires.txt
[0.678s] writing top-level names to ../../build/gelsight_tactile/gelsight_tactile.egg-info/top_level.txt
[0.680s] reading manifest file '../../build/gelsight_tactile/gelsight_tactile.egg-info/SOURCES.txt'
[0.680s] writing manifest file '../../build/gelsight_tactile/gelsight_tactile.egg-info/SOURCES.txt'
[0.680s] running build
[0.680s] running build_py
[0.681s] copying gelsight_tactile/reconstructor_node.py -> /home/potato/yang/build/gelsight_tactile/build/lib/gelsight_tactile
[0.681s] copying gelsight_tactile/visualizer3d.py -> /home/potato/yang/build/gelsight_tactile/build/lib/gelsight_tactile
[0.681s] copying gelsight_tactile/reconstructor.py -> /home/potato/yang/build/gelsight_tactile/build/lib/gelsight_tactile
[0.681s] copying gelsight_tactile/poisson_solver.py -> /home/potato/yang/build/gelsight_tactile/build/lib/gelsight_tactile
[0.681s] running install
[0.681s] running install_lib
[0.681s] copying /home/potato/yang/build/gelsight_tactile/build/lib/gelsight_tactile/reconstructor_node.py -> /home/potato/yang/install/gelsight_tactile/lib/python3.10/site-packages/gelsight_tactile
[0.681s] copying /home/potato/yang/build/gelsight_tactile/build/lib/gelsight_tactile/visualizer3d.py -> /home/potato/yang/install/gelsight_tactile/lib/python3.10/site-packages/gelsight_tactile
[0.681s] copying /home/potato/yang/build/gelsight_tactile/build/lib/gelsight_tactile/reconstructor.py -> /home/potato/yang/install/gelsight_tactile/lib/python3.10/site-packages/gelsight_tactile
[0.682s] copying /home/potato/yang/build/gelsight_tactile/build/lib/gelsight_tactile/poisson_solver.py -> /home/potato/yang/install/gelsight_tactile/lib/python3.10/site-packages/gelsight_tactile
[0.682s] byte-compiling /home/potato/yang/install/gelsight_tactile/lib/python3.10/site-packages/gelsight_tactile/reconstructor_node.py to reconstructor_node.cpython-310.pyc
[0.682s] byte-compiling /home/potato/yang/install/gelsight_tactile/lib/python3.10/site-packages/gelsight_tactile/visualizer3d.py to visualizer3d.cpython-310.pyc
[0.683s] byte-compiling /home/potato/yang/install/gelsight_tactile/lib/python3.10/site-packages/gelsight_tactile/reconstructor.py to reconstructor.cpython-310.pyc
[0.683s] byte-compiling /home/potato/yang/install/gelsight_tactile/lib/python3.10/site-packages/gelsight_tactile/poisson_solver.py to poisson_solver.cpython-310.pyc
[0.684s] running install_data
[0.684s] running install_egg_info
[0.685s] removing '/home/potato/yang/install/gelsight_tactile/lib/python3.10/site-packages/gelsight_tactile-0.0.0-py3.10.egg-info' (and everything under it)
[0.685s] Copying ../../build/gelsight_tactile/gelsight_tactile.egg-info to /home/potato/yang/install/gelsight_tactile/lib/python3.10/site-packages/gelsight_tactile-0.0.0-py3.10.egg-info
[0.686s] running install_scripts
[0.700s] Installing camera_viewer script to /home/potato/yang/install/gelsight_tactile/lib/gelsight_tactile
[0.700s] Installing collect_calib_data script to /home/potato/yang/install/gelsight_tactile/lib/gelsight_tactile
[0.700s] writing list of installed files to '/home/potato/yang/build/gelsight_tactile/install.log'
[0.718s] Invoked command in '/home/potato/yang/src/gelsight_tactile' returned '0': PYTHONPATH=/home/potato/yang/build/gelsight_tactile/prefix_override:/usr/lib/python3/dist-packages/colcon_core/task/python/colcon_distutils_commands:/home/potato/yang/install/gelsight_tactile/lib/python3.10/site-packages:${PYTHONPATH} /usr/bin/python3 -W ignore:setup.py install is deprecated -W ignore:easy_install command is deprecated setup.py egg_info --egg-base ../../build/gelsight_tactile build --build-base /home/potato/yang/build/gelsight_tactile/build install --record /home/potato/yang/build/gelsight_tactile/install.log --single-version-externally-managed install_data
