[0.985s] Invoking command in '/home/potato/yang/src/gelsight_tactile': PYTHONPATH=/home/potato/yang/build/gelsight_tactile/prefix_override:/usr/lib/python3/dist-packages/colcon_core/task/python/colcon_distutils_commands:/home/potato/yang/install/gelsight_tactile/lib/python3.10/site-packages:${PYTHONPATH} /usr/bin/python3 -W ignore:setup.py install is deprecated -W ignore:easy_install command is deprecated setup.py egg_info --egg-base ../../build/gelsight_tactile build --build-base /home/potato/yang/build/gelsight_tactile/build install --record /home/potato/yang/build/gelsight_tactile/install.log --single-version-externally-managed install_data
[1.385s] running egg_info
[1.386s] creating ../../build/gelsight_tactile/gelsight_tactile.egg-info
[1.386s] writing ../../build/gelsight_tactile/gelsight_tactile.egg-info/PKG-INFO
[1.386s] writing dependency_links to ../../build/gelsight_tactile/gelsight_tactile.egg-info/dependency_links.txt
[1.386s] writing entry points to ../../build/gelsight_tactile/gelsight_tactile.egg-info/entry_points.txt
[1.386s] writing requirements to ../../build/gelsight_tactile/gelsight_tactile.egg-info/requires.txt
[1.387s] writing top-level names to ../../build/gelsight_tactile/gelsight_tactile.egg-info/top_level.txt
[1.387s] writing manifest file '../../build/gelsight_tactile/gelsight_tactile.egg-info/SOURCES.txt'
[1.390s] reading manifest file '../../build/gelsight_tactile/gelsight_tactile.egg-info/SOURCES.txt'
[1.391s] writing manifest file '../../build/gelsight_tactile/gelsight_tactile.egg-info/SOURCES.txt'
[1.391s] running build
[1.391s] running build_py
[1.391s] creating /home/potato/yang/build/gelsight_tactile/build
[1.391s] creating /home/potato/yang/build/gelsight_tactile/build/lib
[1.391s] creating /home/potato/yang/build/gelsight_tactile/build/lib/gelsight_tactile
[1.391s] copying gelsight_tactile/__init__.py -> /home/potato/yang/build/gelsight_tactile/build/lib/gelsight_tactile
[1.391s] copying gelsight_tactile/camera_viewer.py -> /home/potato/yang/build/gelsight_tactile/build/lib/gelsight_tactile
[1.392s] running install
[1.392s] running install_lib
[1.393s] creating /home/potato/yang/install/gelsight_tactile/lib/python3.10/site-packages/gelsight_tactile
[1.393s] copying /home/potato/yang/build/gelsight_tactile/build/lib/gelsight_tactile/__init__.py -> /home/potato/yang/install/gelsight_tactile/lib/python3.10/site-packages/gelsight_tactile
[1.393s] copying /home/potato/yang/build/gelsight_tactile/build/lib/gelsight_tactile/camera_viewer.py -> /home/potato/yang/install/gelsight_tactile/lib/python3.10/site-packages/gelsight_tactile
[1.394s] byte-compiling /home/potato/yang/install/gelsight_tactile/lib/python3.10/site-packages/gelsight_tactile/__init__.py to __init__.cpython-310.pyc
[1.394s] byte-compiling /home/potato/yang/install/gelsight_tactile/lib/python3.10/site-packages/gelsight_tactile/camera_viewer.py to camera_viewer.cpython-310.pyc
[1.395s] running install_data
[1.395s] creating /home/potato/yang/install/gelsight_tactile/share/ament_index
[1.396s] creating /home/potato/yang/install/gelsight_tactile/share/ament_index/resource_index
[1.396s] creating /home/potato/yang/install/gelsight_tactile/share/ament_index/resource_index/packages
[1.396s] copying resource/gelsight_tactile -> /home/potato/yang/install/gelsight_tactile/share/ament_index/resource_index/packages
[1.396s] copying package.xml -> /home/potato/yang/install/gelsight_tactile/share/gelsight_tactile
[1.396s] running install_egg_info
[1.399s] Copying ../../build/gelsight_tactile/gelsight_tactile.egg-info to /home/potato/yang/install/gelsight_tactile/lib/python3.10/site-packages/gelsight_tactile-0.0.0-py3.10.egg-info
[1.400s] running install_scripts
[1.429s] Installing camera_viewer script to /home/potato/yang/install/gelsight_tactile/lib/gelsight_tactile
[1.429s] writing list of installed files to '/home/potato/yang/build/gelsight_tactile/install.log'
[1.473s] Invoked command in '/home/potato/yang/src/gelsight_tactile' returned '0': PYTHONPATH=/home/potato/yang/build/gelsight_tactile/prefix_override:/usr/lib/python3/dist-packages/colcon_core/task/python/colcon_distutils_commands:/home/potato/yang/install/gelsight_tactile/lib/python3.10/site-packages:${PYTHONPATH} /usr/bin/python3 -W ignore:setup.py install is deprecated -W ignore:easy_install command is deprecated setup.py egg_info --egg-base ../../build/gelsight_tactile build --build-base /home/potato/yang/build/gelsight_tactile/build install --record /home/potato/yang/build/gelsight_tactile/install.log --single-version-externally-managed install_data
